INFO [2020-07-24 14:32:05] $x
INFO [2020-07-24 14:32:05] list(data.venn$Combined, data.venn$Drought, data.venn$Non.stress)
INFO [2020-07-24 14:32:05] 
INFO [2020-07-24 14:32:05] $category.names
INFO [2020-07-24 14:32:05] c("Combined.BLUPs", "Drought.BLUPs ", "Non.Stress.BLUPs")
INFO [2020-07-24 14:32:05] 
INFO [2020-07-24 14:32:05] $filename
INFO [2020-07-24 14:32:05] [1] "~/Documents/GitHub/Analysis-pipeline/Codes/14_venn_diagramm.png"
INFO [2020-07-24 14:32:05] 
INFO [2020-07-24 14:32:05] $output
INFO [2020-07-24 14:32:05] [1] TRUE
INFO [2020-07-24 14:32:05] 
INFO [2020-07-24 14:32:05] $imagetype
INFO [2020-07-24 14:32:05] [1] "png"
INFO [2020-07-24 14:32:05] 
INFO [2020-07-24 14:32:05] $height
INFO [2020-07-24 14:32:05] [1] 1200
INFO [2020-07-24 14:32:05] 
INFO [2020-07-24 14:32:05] $width
INFO [2020-07-24 14:32:05] [1] 1200
INFO [2020-07-24 14:32:05] 
INFO [2020-07-24 14:32:05] $resolution
INFO [2020-07-24 14:32:05] [1] 500
INFO [2020-07-24 14:32:05] 
INFO [2020-07-24 14:32:05] $lwd
INFO [2020-07-24 14:32:05] [1] 2
INFO [2020-07-24 14:32:05] 
INFO [2020-07-24 14:32:05] $lty
INFO [2020-07-24 14:32:05] [1] "blank"
INFO [2020-07-24 14:32:05] 
INFO [2020-07-24 14:32:05] $fill
INFO [2020-07-24 14:32:05] myCol
INFO [2020-07-24 14:32:05] 
INFO [2020-07-24 14:32:05] $cex
INFO [2020-07-24 14:32:05] [1] 0.6
INFO [2020-07-24 14:32:05] 
INFO [2020-07-24 14:32:05] $fontface
INFO [2020-07-24 14:32:05] [1] "bold"
INFO [2020-07-24 14:32:05] 
INFO [2020-07-24 14:32:05] $fontfamily
INFO [2020-07-24 14:32:05] [1] "sans"
INFO [2020-07-24 14:32:05] 
INFO [2020-07-24 14:32:05] $cat.cex
INFO [2020-07-24 14:32:05] [1] 0.2
INFO [2020-07-24 14:32:05] 
INFO [2020-07-24 14:32:05] $cat.fontface
INFO [2020-07-24 14:32:05] [1] "bold"
INFO [2020-07-24 14:32:05] 
INFO [2020-07-24 14:32:05] $cat.default.pos
INFO [2020-07-24 14:32:05] [1] "outer"
INFO [2020-07-24 14:32:05] 
INFO [2020-07-24 14:32:05] $cat.pos
INFO [2020-07-24 14:32:05] c(-27, 27, 135)
INFO [2020-07-24 14:32:05] 
INFO [2020-07-24 14:32:05] $cat.dist
INFO [2020-07-24 14:32:05] c(0.055, 0.055, 0.085)
INFO [2020-07-24 14:32:05] 
INFO [2020-07-24 14:32:05] $cat.fontfamily
INFO [2020-07-24 14:32:05] [1] "sans"
INFO [2020-07-24 14:32:05] 
INFO [2020-07-24 14:32:05] $rotation
INFO [2020-07-24 14:32:05] [1] 1
INFO [2020-07-24 14:32:05] 
