INFO [2021-03-24 21:16:54] $x
INFO [2021-03-24 21:16:54] list(data.venn$Combined, data.venn$Environment1, data.venn$Environment2)
INFO [2021-03-24 21:16:54] 
INFO [2021-03-24 21:16:54] $category.names
INFO [2021-03-24 21:16:54] c("Combined.BLUPs", "Env1.BLUPs ", "Env2.BLUPs")
INFO [2021-03-24 21:16:54] 
INFO [2021-03-24 21:16:54] $filename
INFO [2021-03-24 21:16:54] [1] "~/Documents/GitHub/Analysis-pipeline/Codes/14_venn_diagramm.png"
INFO [2021-03-24 21:16:54] 
INFO [2021-03-24 21:16:54] $output
INFO [2021-03-24 21:16:54] [1] TRUE
INFO [2021-03-24 21:16:54] 
INFO [2021-03-24 21:16:54] $imagetype
INFO [2021-03-24 21:16:54] [1] "png"
INFO [2021-03-24 21:16:54] 
INFO [2021-03-24 21:16:54] $height
INFO [2021-03-24 21:16:54] [1] 1200
INFO [2021-03-24 21:16:54] 
INFO [2021-03-24 21:16:54] $width
INFO [2021-03-24 21:16:54] [1] 1200
INFO [2021-03-24 21:16:54] 
INFO [2021-03-24 21:16:54] $resolution
INFO [2021-03-24 21:16:54] [1] 500
INFO [2021-03-24 21:16:54] 
INFO [2021-03-24 21:16:54] $lwd
INFO [2021-03-24 21:16:54] [1] 2
INFO [2021-03-24 21:16:54] 
INFO [2021-03-24 21:16:54] $lty
INFO [2021-03-24 21:16:54] [1] "blank"
INFO [2021-03-24 21:16:54] 
INFO [2021-03-24 21:16:54] $fill
INFO [2021-03-24 21:16:54] myCol
INFO [2021-03-24 21:16:54] 
INFO [2021-03-24 21:16:54] $cex
INFO [2021-03-24 21:16:54] [1] 0.8
INFO [2021-03-24 21:16:54] 
INFO [2021-03-24 21:16:54] $fontface
INFO [2021-03-24 21:16:54] [1] "bold"
INFO [2021-03-24 21:16:54] 
INFO [2021-03-24 21:16:54] $fontfamily
INFO [2021-03-24 21:16:54] [1] "sans"
INFO [2021-03-24 21:16:54] 
INFO [2021-03-24 21:16:54] $cat.cex
INFO [2021-03-24 21:16:54] [1] 0.4
INFO [2021-03-24 21:16:54] 
INFO [2021-03-24 21:16:54] $cat.fontface
INFO [2021-03-24 21:16:54] [1] "bold"
INFO [2021-03-24 21:16:54] 
INFO [2021-03-24 21:16:54] $cat.default.pos
INFO [2021-03-24 21:16:54] [1] "outer"
INFO [2021-03-24 21:16:54] 
INFO [2021-03-24 21:16:54] $cat.pos
INFO [2021-03-24 21:16:54] c(-27, 27, 135)
INFO [2021-03-24 21:16:54] 
INFO [2021-03-24 21:16:54] $cat.dist
INFO [2021-03-24 21:16:54] c(0.055, 0.055, 0.085)
INFO [2021-03-24 21:16:54] 
INFO [2021-03-24 21:16:54] $cat.fontfamily
INFO [2021-03-24 21:16:54] [1] "sans"
INFO [2021-03-24 21:16:54] 
INFO [2021-03-24 21:16:54] $rotation
INFO [2021-03-24 21:16:54] [1] 1
INFO [2021-03-24 21:16:54] 
