INFO [2021-03-24 21:01:40] $x
INFO [2021-03-24 21:01:40] list(data.venn$Combined, data.venn$Environment1, data.venn$Environment2)
INFO [2021-03-24 21:01:40] 
INFO [2021-03-24 21:01:40] $category.names
INFO [2021-03-24 21:01:40] c("Combined.BLUPs", "Env1.BLUPs ", "Env2.BLUPs")
INFO [2021-03-24 21:01:40] 
INFO [2021-03-24 21:01:40] $filename
INFO [2021-03-24 21:01:40] [1] "~/Documents/GitHub/Analysis-pipeline/Codes/14_venn_diagramm.png"
INFO [2021-03-24 21:01:40] 
INFO [2021-03-24 21:01:40] $output
INFO [2021-03-24 21:01:40] [1] TRUE
INFO [2021-03-24 21:01:40] 
INFO [2021-03-24 21:01:40] $imagetype
INFO [2021-03-24 21:01:40] [1] "png"
INFO [2021-03-24 21:01:40] 
INFO [2021-03-24 21:01:40] $height
INFO [2021-03-24 21:01:40] [1] 1200
INFO [2021-03-24 21:01:40] 
INFO [2021-03-24 21:01:40] $width
INFO [2021-03-24 21:01:40] [1] 1200
INFO [2021-03-24 21:01:40] 
INFO [2021-03-24 21:01:40] $resolution
INFO [2021-03-24 21:01:40] [1] 500
INFO [2021-03-24 21:01:40] 
INFO [2021-03-24 21:01:40] $lwd
INFO [2021-03-24 21:01:40] [1] 2
INFO [2021-03-24 21:01:40] 
INFO [2021-03-24 21:01:40] $lty
INFO [2021-03-24 21:01:40] [1] "blank"
INFO [2021-03-24 21:01:40] 
INFO [2021-03-24 21:01:40] $fill
INFO [2021-03-24 21:01:40] myCol
INFO [2021-03-24 21:01:40] 
INFO [2021-03-24 21:01:40] $cex
INFO [2021-03-24 21:01:40] [1] 0.6
INFO [2021-03-24 21:01:40] 
INFO [2021-03-24 21:01:40] $fontface
INFO [2021-03-24 21:01:40] [1] "bold"
INFO [2021-03-24 21:01:40] 
INFO [2021-03-24 21:01:40] $fontfamily
INFO [2021-03-24 21:01:40] [1] "sans"
INFO [2021-03-24 21:01:40] 
INFO [2021-03-24 21:01:40] $cat.cex
INFO [2021-03-24 21:01:40] [1] 0.2
INFO [2021-03-24 21:01:40] 
INFO [2021-03-24 21:01:40] $cat.fontface
INFO [2021-03-24 21:01:40] [1] "bold"
INFO [2021-03-24 21:01:40] 
INFO [2021-03-24 21:01:40] $cat.default.pos
INFO [2021-03-24 21:01:40] [1] "outer"
INFO [2021-03-24 21:01:40] 
INFO [2021-03-24 21:01:40] $cat.pos
INFO [2021-03-24 21:01:40] c(-27, 27, 135)
INFO [2021-03-24 21:01:40] 
INFO [2021-03-24 21:01:40] $cat.dist
INFO [2021-03-24 21:01:40] c(0.055, 0.055, 0.085)
INFO [2021-03-24 21:01:40] 
INFO [2021-03-24 21:01:40] $cat.fontfamily
INFO [2021-03-24 21:01:40] [1] "sans"
INFO [2021-03-24 21:01:40] 
INFO [2021-03-24 21:01:40] $rotation
INFO [2021-03-24 21:01:40] [1] 1
INFO [2021-03-24 21:01:40] 
